<?xml version="1.0" encoding="UTF-8"?>
<!-- Generated by org.testng.reporters.JUnitReportReporter -->
<testsuite hostname="LAPTOP-OJF22CP7" failures="0" tests="8" name="com.cjc.dws.webapp.Test.DWSTest" time="69.792" errors="0" timestamp="2023-01-17T20:08:46 IST" skipped="0">
  <testcase classname="com.cjc.dws.webapp.Test.DWSTest" name="registrationTest" time="1.548"/>
  <system-out/>
  <testcase classname="com.cjc.dws.webapp.Test.DWSTest" name="Logintest" time="7.195"/>
  <system-out/>
  <testcase classname="com.cjc.dws.webapp.Test.DWSTest" name="addtocart" time="12.535"/>
  <system-out/>
  <testcase classname="com.cjc.dws.webapp.Test.DWSTest" name="baddress" time="1.350"/>
  <system-out/>
  <testcase classname="com.cjc.dws.webapp.Test.DWSTest" name="saddress" time="6.256"/>
  <system-out/>
  <testcase classname="com.cjc.dws.webapp.Test.DWSTest" name="paymentmethod" time="6.245"/>
  <system-out/>
  <testcase classname="com.cjc.dws.webapp.Test.DWSTest" name="orderconfirn" time="13.354"/>
  <system-out/>
  <testcase classname="com.cjc.dws.webapp.Test.DWSTest" name="Logoutmethod" time="21.309"/>
  <system-out/>
</testsuite> <!-- com.cjc.dws.webapp.Test.DWSTest -->
